running egg_info
creating ../../build/wall_avoider/wall_avoider.egg-info
writing ../../build/wall_avoider/wall_avoider.egg-info/PKG-INFO
writing dependency_links to ../../build/wall_avoider/wall_avoider.egg-info/dependency_links.txt
writing entry points to ../../build/wall_avoider/wall_avoider.egg-info/entry_points.txt
writing requirements to ../../build/wall_avoider/wall_avoider.egg-info/requires.txt
writing top-level names to ../../build/wall_avoider/wall_avoider.egg-info/top_level.txt
writing manifest file '../../build/wall_avoider/wall_avoider.egg-info/SOURCES.txt'
reading manifest file '../../build/wall_avoider/wall_avoider.egg-info/SOURCES.txt'
writing manifest file '../../build/wall_avoider/wall_avoider.egg-info/SOURCES.txt'
running build
running build_py
creating /home/webot/ros2_ws/build/wall_avoider/build
creating /home/webot/ros2_ws/build/wall_avoider/build/lib
creating /home/webot/ros2_ws/build/wall_avoider/build/lib/wall_avoider
copying wall_avoider/wall_avoider_node.py -> /home/webot/ros2_ws/build/wall_avoider/build/lib/wall_avoider
copying wall_avoider/__init__.py -> /home/webot/ros2_ws/build/wall_avoider/build/lib/wall_avoider
running install
running install_lib
creating /home/webot/ros2_ws/install/wall_avoider/lib/python3.12/site-packages/wall_avoider
copying /home/webot/ros2_ws/build/wall_avoider/build/lib/wall_avoider/wall_avoider_node.py -> /home/webot/ros2_ws/install/wall_avoider/lib/python3.12/site-packages/wall_avoider
copying /home/webot/ros2_ws/build/wall_avoider/build/lib/wall_avoider/__init__.py -> /home/webot/ros2_ws/install/wall_avoider/lib/python3.12/site-packages/wall_avoider
byte-compiling /home/webot/ros2_ws/install/wall_avoider/lib/python3.12/site-packages/wall_avoider/wall_avoider_node.py to wall_avoider_node.cpython-312.pyc
byte-compiling /home/webot/ros2_ws/install/wall_avoider/lib/python3.12/site-packages/wall_avoider/__init__.py to __init__.cpython-312.pyc
running install_data
creating /home/webot/ros2_ws/install/wall_avoider/share/ament_index
creating /home/webot/ros2_ws/install/wall_avoider/share/ament_index/resource_index
creating /home/webot/ros2_ws/install/wall_avoider/share/ament_index/resource_index/packages
copying resource/wall_avoider -> /home/webot/ros2_ws/install/wall_avoider/share/ament_index/resource_index/packages
copying package.xml -> /home/webot/ros2_ws/install/wall_avoider/share/wall_avoider
creating /home/webot/ros2_ws/install/wall_avoider/share/wall_avoider/launch
copying launch/wall_avoider_launch.py -> /home/webot/ros2_ws/install/wall_avoider/share/wall_avoider/launch
running install_egg_info
Copying ../../build/wall_avoider/wall_avoider.egg-info to /home/webot/ros2_ws/install/wall_avoider/lib/python3.12/site-packages/wall_avoider-0.0.0-py3.12.egg-info
running install_scripts
Installing wall_avoider_node script to /home/webot/ros2_ws/install/wall_avoider/lib/wall_avoider
writing list of installed files to '/home/webot/ros2_ws/build/wall_avoider/install.log'
