[0.513s] Invoking command in '/home/webot/ros2_ws/src/wall_avoider': DEBUGINFOD_URLS=https://debuginfod.ubuntu.com PYTHONPATH=/home/webot/ros2_ws/build/wall_avoider/prefix_override:/usr/lib/python3/dist-packages/colcon_core/task/python/colcon_distutils_commands:/home/webot/ros2_ws/install/wall_avoider/lib/python3.12/site-packages:${PYTHONPATH} /usr/bin/python3 -W ignore:setup.py install is deprecated -W ignore:easy_install command is deprecated setup.py egg_info --egg-base ../../build/wall_avoider build --build-base /home/webot/ros2_ws/build/wall_avoider/build install --record /home/webot/ros2_ws/build/wall_avoider/install.log --single-version-externally-managed install_data
[0.676s] running egg_info
[0.685s] writing ../../build/wall_avoider/wall_avoider.egg-info/PKG-INFO
[0.685s] writing dependency_links to ../../build/wall_avoider/wall_avoider.egg-info/dependency_links.txt
[0.685s] writing entry points to ../../build/wall_avoider/wall_avoider.egg-info/entry_points.txt
[0.686s] writing requirements to ../../build/wall_avoider/wall_avoider.egg-info/requires.txt
[0.686s] writing top-level names to ../../build/wall_avoider/wall_avoider.egg-info/top_level.txt
[0.711s] reading manifest file '../../build/wall_avoider/wall_avoider.egg-info/SOURCES.txt'
[0.712s] writing manifest file '../../build/wall_avoider/wall_avoider.egg-info/SOURCES.txt'
[0.712s] running build
[0.712s] running build_py
[0.712s] copying wall_avoider/wall_avoider_node.py -> /home/webot/ros2_ws/build/wall_avoider/build/lib/wall_avoider
[0.713s] running install
[0.716s] running install_lib
[0.728s] copying /home/webot/ros2_ws/build/wall_avoider/build/lib/wall_avoider/wall_avoider_node.py -> /home/webot/ros2_ws/install/wall_avoider/lib/python3.12/site-packages/wall_avoider
[0.729s] byte-compiling /home/webot/ros2_ws/install/wall_avoider/lib/python3.12/site-packages/wall_avoider/wall_avoider_node.py to wall_avoider_node.cpython-312.pyc
[0.730s] running install_data
[0.731s] running install_egg_info
[0.743s] removing '/home/webot/ros2_ws/install/wall_avoider/lib/python3.12/site-packages/wall_avoider-0.0.0-py3.12.egg-info' (and everything under it)
[0.743s] Copying ../../build/wall_avoider/wall_avoider.egg-info to /home/webot/ros2_ws/install/wall_avoider/lib/python3.12/site-packages/wall_avoider-0.0.0-py3.12.egg-info
[0.743s] running install_scripts
[0.827s] Installing wall_avoider_node script to /home/webot/ros2_ws/install/wall_avoider/lib/wall_avoider
[0.827s] writing list of installed files to '/home/webot/ros2_ws/build/wall_avoider/install.log'
[0.844s] Invoked command in '/home/webot/ros2_ws/src/wall_avoider' returned '0': DEBUGINFOD_URLS=https://debuginfod.ubuntu.com PYTHONPATH=/home/webot/ros2_ws/build/wall_avoider/prefix_override:/usr/lib/python3/dist-packages/colcon_core/task/python/colcon_distutils_commands:/home/webot/ros2_ws/install/wall_avoider/lib/python3.12/site-packages:${PYTHONPATH} /usr/bin/python3 -W ignore:setup.py install is deprecated -W ignore:easy_install command is deprecated setup.py egg_info --egg-base ../../build/wall_avoider build --build-base /home/webot/ros2_ws/build/wall_avoider/build install --record /home/webot/ros2_ws/build/wall_avoider/install.log --single-version-externally-managed install_data
